d:\gameenginearchitecture\compulsory2\compulsory2\x64\debug\vc143.pdb
d:\gameenginearchitecture\compulsory2\compulsory2\x64\debug\vc143.idb
d:\gameenginearchitecture\compulsory2\compulsory2\x64\debug\glad.obj
d:\gameenginearchitecture\compulsory2\compulsory2\x64\debug\timermanager.obj
d:\gameenginearchitecture\compulsory2\compulsory2\x64\debug\window.obj
d:\gameenginearchitecture\compulsory2\compulsory2\x64\debug\entitymanager.obj
d:\gameenginearchitecture\compulsory2\compulsory2\x64\debug\shaderloader.obj
d:\gameenginearchitecture\compulsory2\compulsory2\x64\debug\mesh.obj
d:\gameenginearchitecture\compulsory2\compulsory2\x64\debug\main.obj
d:\gameenginearchitecture\compulsory2\compulsory2\x64\debug\systemmanager.obj
d:\gameenginearchitecture\compulsory2\compulsory2\x64\debug\compulsory2.ilk
d:\gameenginearchitecture\compulsory2\compulsory2\x64\debug\window.obj.enc
d:\gameenginearchitecture\compulsory2\x64\debug\compulsory2.pdb
d:\gameenginearchitecture\compulsory2\x64\debug\compulsory2.exe
d:\gameenginearchitecture\compulsory2\compulsory2\x64\debug\compulsory2.tlog\cl.command.1.tlog
d:\gameenginearchitecture\compulsory2\compulsory2\x64\debug\compulsory2.tlog\cl.items.tlog
d:\gameenginearchitecture\compulsory2\compulsory2\x64\debug\compulsory2.tlog\cl.read.1.tlog
d:\gameenginearchitecture\compulsory2\compulsory2\x64\debug\compulsory2.tlog\cl.write.1.tlog
d:\gameenginearchitecture\compulsory2\compulsory2\x64\debug\compulsory2.tlog\link.command.1.tlog
d:\gameenginearchitecture\compulsory2\compulsory2\x64\debug\compulsory2.tlog\link.read.1.tlog
d:\gameenginearchitecture\compulsory2\compulsory2\x64\debug\compulsory2.tlog\link.secondary.1.tlog
d:\gameenginearchitecture\compulsory2\compulsory2\x64\debug\compulsory2.tlog\link.write.1.tlog
